2021-10-14 12:06:49,504 [main] INFO HRM_Maven_testNG_Hybrid - Chrome Browser is used....
2021-10-14 12:06:50,435 [main] INFO HRM_Maven_testNG_Hybrid - HRM Applicaiton https://opensource-demo.orangehrmlive.com is Open now....
2021-10-14 12:27:17,078 [main] INFO HRM_Maven_testNG_Hybrid - Chrome Browser is used....
2021-10-14 12:27:18,074 [main] INFO HRM_Maven_testNG_Hybrid - HRM Applicaiton https://opensource-demo.orangehrmlive.com is Open now....
2021-10-14 12:27:19,416 [main] INFO HRM_Maven_testNG_Hybrid - Login is successful!
2021-10-14 12:28:21,604 [main] INFO HRM_Maven_testNG_Hybrid - Chrome Browser is used....
2021-10-14 12:28:22,626 [main] INFO HRM_Maven_testNG_Hybrid - HRM Applicaiton https://opensource-demo.orangehrmlive.com is Open now....
2021-10-14 12:28:33,242 [main] INFO HRM_Maven_testNG_Hybrid - Login has failed! Closing the browser now..
2021-10-14 13:21:51,876 [main] INFO HRM_Maven_testNG_Hybrid - Chrome Browser is used....
2021-10-14 13:21:52,785 [main] INFO HRM_Maven_testNG_Hybrid - HRM Applicaiton https://opensource-demo.orangehrmlive.com is Open now....
2021-10-14 13:22:04,125 [main] INFO HRM_Maven_testNG_Hybrid - Login has failed! Closing the browser now..
2021-10-14 13:22:14,841 [main] INFO HRM_Maven_testNG_Hybrid - Login has failed! Closing the browser now..
2021-10-14 13:22:25,427 [main] INFO HRM_Maven_testNG_Hybrid - Login has failed! Closing the browser now..
2021-10-14 13:26:15,085 [main] INFO HRM_Maven_testNG_Hybrid - Chrome Browser is used....
2021-10-14 13:26:16,007 [main] INFO HRM_Maven_testNG_Hybrid - HRM Applicaiton https://opensource-demo.orangehrmlive.com is Open now....
2021-10-14 13:26:18,024 [main] INFO HRM_Maven_testNG_Hybrid - Login is successful!
2021-10-14 13:26:29,761 [main] INFO HRM_Maven_testNG_Hybrid - Login has failed! Closing the browser now..
2021-10-14 13:26:40,716 [main] INFO HRM_Maven_testNG_Hybrid - Login has failed! Closing the browser now..
2021-10-14 13:26:51,334 [main] INFO HRM_Maven_testNG_Hybrid - Login has failed! Closing the browser now..
2021-10-14 13:46:16,450 [TestNG-test=Maven_testNG_POM_Test-1] INFO HRM_Maven_testNG_Hybrid - Chrome Browser is used....
2021-10-14 13:46:17,381 [TestNG-test=Maven_testNG_POM_Test-1] INFO HRM_Maven_testNG_Hybrid - HRM Applicaiton https://opensource-demo.orangehrmlive.com is Open now....
2021-10-14 13:46:28,058 [TestNG-test=Maven_testNG_POM_Test-1] INFO HRM_Maven_testNG_Hybrid - Login has failed! Closing the browser now..
2021-10-14 13:46:29,388 [TestNG-test=Maven_testNG_POM_Test-2] INFO HRM_Maven_testNG_Hybrid - Login is successful!
2021-10-14 13:46:40,953 [TestNG-test=Maven_testNG_POM_Test-2] INFO HRM_Maven_testNG_Hybrid - Login has failed! Closing the browser now..
2021-10-14 13:46:51,890 [TestNG-test=Maven_testNG_POM_Test-2] INFO HRM_Maven_testNG_Hybrid - Login has failed! Closing the browser now..
2021-10-14 13:47:02,556 [TestNG-test=Maven_testNG_POM_Test-2] INFO HRM_Maven_testNG_Hybrid - Login has failed! Closing the browser now..
2021-10-15 12:30:19,187 [TestNG-test=Maven_testNG_POM_Test_hybrid-1] INFO HRM_Maven_testNG_Hybrid - Chrome Browser is used....
2021-10-15 12:30:20,081 [TestNG-test=Maven_testNG_POM_Test_hybrid-1] INFO HRM_Maven_testNG_Hybrid - HRM Applicaiton https://opensource-demo.orangehrmlive.com is Open now....
2021-10-15 12:30:41,545 [TestNG-test=Maven_testNG_POM_Test_hybrid-1] INFO HRM_Maven_testNG_Hybrid - Login is successful!
2021-10-15 12:35:48,589 [TestNG-test=Maven_testNG_POM_Test_hybrid-1] INFO HRM_Maven_testNG_Hybrid - Chrome Browser is used....
2021-10-15 12:35:49,531 [TestNG-test=Maven_testNG_POM_Test_hybrid-1] INFO HRM_Maven_testNG_Hybrid - HRM Applicaiton https://opensource-demo.orangehrmlive.com is Open now....
2021-10-15 12:36:11,023 [TestNG-test=Maven_testNG_POM_Test_hybrid-1] INFO HRM_Maven_testNG_Hybrid - Login is successful!
2021-10-15 12:44:42,738 [main] INFO HRM_Maven_testNG_Hybrid - Chrome Browser is used....
2021-10-15 12:44:43,673 [main] INFO HRM_Maven_testNG_Hybrid - HRM Applicaiton https://opensource-demo.orangehrmlive.com is Open now....
2021-10-15 12:44:45,643 [main] INFO HRM_Maven_testNG_Hybrid - Login is successful!
2021-10-15 12:44:57,339 [main] INFO HRM_Maven_testNG_Hybrid - Login has failed! Closing the browser now..
2021-10-15 12:45:08,264 [main] INFO HRM_Maven_testNG_Hybrid - Login has failed! Closing the browser now..
2021-10-15 12:45:18,931 [main] INFO HRM_Maven_testNG_Hybrid - Login has failed! Closing the browser now..
2021-10-15 12:50:24,586 [TestNG-test=Maven_testNG_POM_Test_hybrid-1] INFO HRM_Maven_testNG_Hybrid - Chrome Browser is used....
2021-10-15 12:50:25,544 [TestNG-test=Maven_testNG_POM_Test_hybrid-1] INFO HRM_Maven_testNG_Hybrid - HRM Applicaiton https://opensource-demo.orangehrmlive.com is Open now....
2021-10-15 12:50:46,934 [TestNG-test=Maven_testNG_POM_Test_hybrid-1] INFO HRM_Maven_testNG_Hybrid - Login is successful!
2021-10-15 13:00:04,874 [TestNG-test=Maven_testNG_POM_Test_hybrid-2] INFO HRM_Maven_testNG_Hybrid - Chrome Browser is used....
2021-10-15 13:00:04,874 [TestNG-test=Maven_testNG_POM_Test_hybrid-1] INFO HRM_Maven_testNG_Hybrid - Chrome Browser is used....
2021-10-15 13:00:05,980 [TestNG-test=Maven_testNG_POM_Test_hybrid-1] INFO HRM_Maven_testNG_Hybrid - HRM Applicaiton https://opensource-demo.orangehrmlive.com is Open now....
2021-10-15 13:00:06,130 [TestNG-test=Maven_testNG_POM_Test_hybrid-2] INFO HRM_Maven_testNG_Hybrid - HRM Applicaiton https://opensource-demo.orangehrmlive.com is Open now....
2021-10-15 13:06:22,411 [main] INFO HRM_Maven_testNG_Hybrid - Chrome Browser is used....
2021-10-15 13:06:23,405 [main] INFO HRM_Maven_testNG_Hybrid - HRM Applicaiton https://opensource-demo.orangehrmlive.com is Open now....
2021-10-15 13:06:24,710 [main] INFO HRM_Maven_testNG_Hybrid - Login is successful!
2021-10-15 13:06:27,657 [main] INFO HRM_Maven_testNG_Hybrid - Login is successful!
2021-10-15 13:06:39,096 [main] INFO HRM_Maven_testNG_Hybrid - Login has failed! Closing the browser now..
2021-10-15 13:06:50,092 [main] INFO HRM_Maven_testNG_Hybrid - Login has failed! Closing the browser now..
2021-10-15 13:07:00,741 [main] INFO HRM_Maven_testNG_Hybrid - Login has failed! Closing the browser now..
2021-10-15 13:10:53,527 [main] INFO HRM_Maven_testNG_Hybrid - Chrome Browser is used....
2021-10-15 13:10:54,484 [main] INFO HRM_Maven_testNG_Hybrid - HRM Applicaiton https://opensource-demo.orangehrmlive.com is Open now....
2021-10-15 13:10:55,882 [main] INFO HRM_Maven_testNG_Hybrid - Login is successful!
2021-10-15 13:10:58,541 [main] INFO HRM_Maven_testNG_Hybrid - Login is successful!
2021-10-15 13:11:10,060 [main] INFO HRM_Maven_testNG_Hybrid - Login has failed! Closing the browser now..
2021-10-15 13:11:20,998 [main] INFO HRM_Maven_testNG_Hybrid - Login has failed! Closing the browser now..
2021-10-15 13:11:31,669 [main] INFO HRM_Maven_testNG_Hybrid - Login has failed! Closing the browser now..
2021-10-15 13:15:30,372 [main] INFO HRM_Maven_testNG_Hybrid - Chrome Browser is used....
2021-10-15 13:15:31,286 [main] INFO HRM_Maven_testNG_Hybrid - HRM Applicaiton https://opensource-demo.orangehrmlive.com is Open now....
2021-10-15 13:15:32,515 [main] INFO HRM_Maven_testNG_Hybrid - Login is successful!
2021-10-15 13:15:35,404 [main] INFO HRM_Maven_testNG_Hybrid - Login is successful!
2021-10-15 13:15:46,810 [main] INFO HRM_Maven_testNG_Hybrid - Login has failed! Closing the browser now..
2021-10-15 13:15:57,786 [main] INFO HRM_Maven_testNG_Hybrid - Login has failed! Closing the browser now..
2021-10-15 13:16:08,411 [main] INFO HRM_Maven_testNG_Hybrid - Login has failed! Closing the browser now..
2021-10-15 13:21:35,099 [main] INFO HRM_Maven_testNG_Hybrid - Chrome Browser is used....
2021-10-15 13:21:36,042 [main] INFO HRM_Maven_testNG_Hybrid - HRM Applicaiton https://opensource-demo.orangehrmlive.com is Open now....
2021-10-15 13:21:37,345 [main] INFO HRM_Maven_testNG_Hybrid - Login is successful!
2021-10-15 13:21:39,559 [main] INFO HRM_Maven_testNG_Hybrid - Login is successful!
2021-10-15 13:21:50,944 [main] INFO HRM_Maven_testNG_Hybrid - Login has failed! Closing the browser now..
2021-10-15 13:22:01,895 [main] INFO HRM_Maven_testNG_Hybrid - Login has failed! Closing the browser now..
2021-10-15 13:22:12,507 [main] INFO HRM_Maven_testNG_Hybrid - Login has failed! Closing the browser now..
2021-10-15 13:26:13,477 [main] INFO HRM_Maven_testNG_Hybrid - Chrome Browser is used....
2021-10-15 13:26:14,401 [main] INFO HRM_Maven_testNG_Hybrid - HRM Applicaiton https://opensource-demo.orangehrmlive.com is Open now....
2021-10-15 13:26:15,989 [main] INFO HRM_Maven_testNG_Hybrid - Login is successful!
2021-10-15 13:26:18,682 [main] INFO HRM_Maven_testNG_Hybrid - Login is successful!
2021-10-15 13:26:30,159 [main] INFO HRM_Maven_testNG_Hybrid - Login has failed! Closing the browser now..
2021-10-15 13:26:41,181 [main] INFO HRM_Maven_testNG_Hybrid - Login has failed! Closing the browser now..
2021-10-15 13:26:51,864 [main] INFO HRM_Maven_testNG_Hybrid - Login has failed! Closing the browser now..
2021-10-15 15:28:59,237 [main] INFO HRM_Maven_testNG_Hybrid - Chrome Browser is used....
2021-10-15 15:29:00,120 [main] INFO HRM_Maven_testNG_Hybrid - HRM Applicaiton https://opensource-demo.orangehrmlive.com is Open now....
2021-10-15 15:29:01,695 [main] INFO HRM_Maven_testNG_Hybrid - Login is successful!
2021-10-15 15:29:04,830 [main] INFO HRM_Maven_testNG_Hybrid - Login is successful!
2021-10-15 15:29:16,162 [main] INFO HRM_Maven_testNG_Hybrid - Login has failed! Closing the browser now..
2021-10-15 15:29:27,127 [main] INFO HRM_Maven_testNG_Hybrid - Login has failed! Closing the browser now..
2021-10-15 15:29:37,740 [main] INFO HRM_Maven_testNG_Hybrid - Login has failed! Closing the browser now..
2021-10-15 15:30:09,096 [main] INFO HRM_Maven_testNG_Hybrid - Chrome Browser is used....
2021-10-15 15:30:09,886 [main] INFO HRM_Maven_testNG_Hybrid - HRM Applicaiton https://opensource-demo.orangehrmlive.com is Open now....
2021-10-15 15:30:11,306 [main] INFO HRM_Maven_testNG_Hybrid - Login is successful!
2021-10-15 15:30:14,307 [main] INFO HRM_Maven_testNG_Hybrid - Login is successful!
2021-10-15 15:30:25,578 [main] INFO HRM_Maven_testNG_Hybrid - Login has failed! Closing the browser now..
2021-10-15 15:30:36,510 [main] INFO HRM_Maven_testNG_Hybrid - Login has failed! Closing the browser now..
2021-10-15 15:30:47,097 [main] INFO HRM_Maven_testNG_Hybrid - Login has failed! Closing the browser now..
2021-10-15 15:48:40,319 [main] INFO HRM_Maven_testNG_Hybrid - Chrome Browser is used....
2021-10-15 15:48:41,194 [main] INFO HRM_Maven_testNG_Hybrid - HRM Applicaiton https://opensource-demo.orangehrmlive.com is Open now....
2021-10-15 15:48:42,784 [main] INFO HRM_Maven_testNG_Hybrid - Login is successful!
2021-10-15 15:48:45,577 [main] INFO HRM_Maven_testNG_Hybrid - Login is successful!
2021-10-15 15:48:56,907 [main] INFO HRM_Maven_testNG_Hybrid - Login has failed! Closing the browser now..
2021-10-15 15:49:07,871 [main] INFO HRM_Maven_testNG_Hybrid - Login has failed! Closing the browser now..
2021-10-15 15:49:18,473 [main] INFO HRM_Maven_testNG_Hybrid - Login has failed! Closing the browser now..
2021-10-15 16:15:33,858 [main] INFO HRM_Maven_testNG_Hybrid - Chrome Browser is used....
2021-10-15 16:15:34,698 [main] INFO HRM_Maven_testNG_Hybrid - HRM Applicaiton https://opensource-demo.orangehrmlive.com is Open now....
2021-10-15 16:15:35,883 [main] INFO HRM_Maven_testNG_Hybrid - Login is successful!
2021-10-15 16:15:39,196 [main] INFO HRM_Maven_testNG_Hybrid - Login is successful!
2021-10-15 16:15:50,478 [main] INFO HRM_Maven_testNG_Hybrid - Login has failed! Closing the browser now..
2021-10-15 16:16:01,227 [main] INFO HRM_Maven_testNG_Hybrid - Login has failed! Closing the browser now..
2021-10-15 16:16:11,698 [main] INFO HRM_Maven_testNG_Hybrid - Login has failed! Closing the browser now..
2021-10-15 19:38:14,819 [main] INFO HRM_Maven_testNG_Hybrid - Chrome Browser is used....
2021-10-15 19:38:15,715 [main] INFO HRM_Maven_testNG_Hybrid - HRM Applicaiton https://opensource-demo.orangehrmlive.com is Open now....
2021-10-15 19:38:17,662 [main] INFO HRM_Maven_testNG_Hybrid - Login is successful!
2021-10-15 19:38:20,886 [main] INFO HRM_Maven_testNG_Hybrid - Login is successful!
2021-10-15 19:38:32,254 [main] INFO HRM_Maven_testNG_Hybrid - Login has failed! Closing the browser now..
2021-10-15 19:38:43,271 [main] INFO HRM_Maven_testNG_Hybrid - Login has failed! Closing the browser now..
2021-10-15 19:38:53,854 [main] INFO HRM_Maven_testNG_Hybrid - Login has failed! Closing the browser now..
